<?xml version="1.0" encoding="UTF-8"?>
<!-- Generated by org.testng.reporters.JUnitReportReporter -->
<testsuite hostname="MTP01288L" name="PHP_TestPackage.TestScript1" tests="1" failures="0" timestamp="14 Aug 2019 23:06:30 GMT" time="20.981" errors="0">
  <testcase name="HomePageNavigation" time="20.981" classname="PHP_TestPackage.TestScript1"/>
</testsuite> <!-- PHP_TestPackage.TestScript1 -->
