<?xml version="1.0" encoding="UTF-8"?>
<!-- Generated by org.testng.reporters.JUnitReportReporter -->
<testsuite skipped="0" hostname="MTP01288L" name="Inmarsat.AppTest" tests="1" failures="0" timestamp="15 Aug 2019 12:50:23 GMT" time="0.002" errors="0">
  <testcase name="testApp" time="0.002" classname="Inmarsat.AppTest"/>
</testsuite> <!-- Inmarsat.AppTest -->
