<?xml version="1.0" encoding="UTF-8"?>
<!-- Generated by org.testng.reporters.JUnitReportReporter -->
<testsuite skipped="0" hostname="MTP01288L" name="PHP_TestPackage.ValidateHomePage" tests="1" failures="0" timestamp="15 Aug 2019 12:50:23 GMT" time="18.767" errors="0">
  <testcase name="ValidateHomePage" time="18.767" classname="PHP_TestPackage.ValidateHomePage"/>
</testsuite> <!-- PHP_TestPackage.ValidateHomePage -->
