<?xml version="1.0" encoding="UTF-8"?>
<!-- Generated by org.testng.reporters.JUnitReportReporter -->
<testsuite hostname="MTP01288L" failures="0" tests="1" name="PHP_TestPackage.HomePageNavigation" time="26.003" errors="0" timestamp="15 Aug 2019 12:52:15 GMT">
  <testcase classname="PHP_TestPackage.HomePageNavigation" name="HomePageNavigation" time="26.003"/>
</testsuite> <!-- PHP_TestPackage.HomePageNavigation -->
