<?xml version="1.0" encoding="UTF-8"?>
<!-- Generated by org.testng.reporters.JUnitReportReporter -->
<testsuite hostname="MTP01288L" failures="0" tests="1" name="PHP_TestPackage.ValidateHomePage" time="20.920" errors="0" timestamp="15 Aug 2019 12:52:15 GMT">
  <testcase classname="PHP_TestPackage.ValidateHomePage" name="ValidateHomePage" time="20.920"/>
</testsuite> <!-- PHP_TestPackage.ValidateHomePage -->
